
*** Running vivado
    with args -log clk_wiz_0.vds -m64 -product Vivado -mode batch -messageDb vivado.pb -notrace -source clk_wiz_0.tcl



****** Vivado v2022.2 (64-bit)
  **** SW Build 3671981 on Fri Oct 14 05:00:03 MDT 2022
  **** IP Build 3669848 on Fri Oct 14 08:30:02 MDT 2022
    ** Copyright 1986-2022 Xilinx, Inc. All Rights Reserved.

source clk_wiz_0.tcl -notrace
create_project: Time (s): cpu = 00:00:05 ; elapsed = 00:00:05 . Memory (MB): peak = 372.473 ; gain = 62.414
INFO: [IP_Flow 19-234] Refreshing IP repositories
INFO: [IP_Flow 19-1700] Loaded user IP repository 'c:/Users/Git_Smash/ECE385_Smash/Smash_Bros/IPrepo'.
INFO: [IP_Flow 19-2313] Loaded Vivado IP repository 'C:/Xilinx/Vivado/2022.2/data/ip'.
INFO: [IP_Flow 19-6924] IPCACHE: Running cache check for IP inst: clk_wiz_0
INFO: [IP_Flow 19-6922] IPCACHE: Exporting cached entry 07ca9a3a690a525e to dir: C:/Users/Git_Smash/ECE385_Smash/Smash_Bros/Smash_Bros.runs/clk_wiz_0_synth_1
INFO: [IP_Flow 19-6928] IPCACHE: copied cached file c:/Users/Git_Smash/ECE385_Smash/Smash_Bros/Smash_Bros.cache/ip/2022.2/0/7/07ca9a3a690a525e/clk_wiz_0.dcp to C:/Users/Git_Smash/ECE385_Smash/Smash_Bros/Smash_Bros.runs/clk_wiz_0_synth_1/clk_wiz_0.dcp.
INFO: [IP_Flow 19-6928] IPCACHE: copied cached file c:/Users/Git_Smash/ECE385_Smash/Smash_Bros/Smash_Bros.cache/ip/2022.2/0/7/07ca9a3a690a525e/clk_wiz_0_sim_netlist.v to C:/Users/Git_Smash/ECE385_Smash/Smash_Bros/Smash_Bros.runs/clk_wiz_0_synth_1/clk_wiz_0_sim_netlist.v.
INFO: [IP_Flow 19-6928] IPCACHE: copied cached file c:/Users/Git_Smash/ECE385_Smash/Smash_Bros/Smash_Bros.cache/ip/2022.2/0/7/07ca9a3a690a525e/clk_wiz_0_sim_netlist.vhdl to C:/Users/Git_Smash/ECE385_Smash/Smash_Bros/Smash_Bros.runs/clk_wiz_0_synth_1/clk_wiz_0_sim_netlist.vhdl.
INFO: [IP_Flow 19-6928] IPCACHE: copied cached file c:/Users/Git_Smash/ECE385_Smash/Smash_Bros/Smash_Bros.cache/ip/2022.2/0/7/07ca9a3a690a525e/clk_wiz_0_stub.v to C:/Users/Git_Smash/ECE385_Smash/Smash_Bros/Smash_Bros.runs/clk_wiz_0_synth_1/clk_wiz_0_stub.v.
INFO: [IP_Flow 19-6928] IPCACHE: copied cached file c:/Users/Git_Smash/ECE385_Smash/Smash_Bros/Smash_Bros.cache/ip/2022.2/0/7/07ca9a3a690a525e/clk_wiz_0_stub.vhdl to C:/Users/Git_Smash/ECE385_Smash/Smash_Bros/Smash_Bros.runs/clk_wiz_0_synth_1/clk_wiz_0_stub.vhdl.
INFO: [IP_Flow 19-4838] Using cached IP synthesis design for IP clk_wiz_0, cache-ID = 07ca9a3a690a525e.
INFO: [Common 17-206] Exiting Vivado at Tue Nov 21 19:29:42 2023...
