
*** Running vivado
    with args -log SMASH_TOP.vds -m64 -product Vivado -mode batch -messageDb vivado.pb -notrace -source SMASH_TOP.tcl



****** Vivado v2022.2 (64-bit)
  **** SW Build 3671981 on Fri Oct 14 05:00:03 MDT 2022
  **** IP Build 3669848 on Fri Oct 14 08:30:02 MDT 2022
    ** Copyright 1986-2022 Xilinx, Inc. All Rights Reserved.

source SMASH_TOP.tcl -notrace
create_project: Time (s): cpu = 00:00:05 ; elapsed = 00:00:05 . Memory (MB): peak = 372.926 ; gain = 51.824
INFO: [IP_Flow 19-234] Refreshing IP repositories
INFO: [IP_Flow 19-1700] Loaded user IP repository 'c:/Users/Git_Smash/ECE385_Smash/Smash_Bros/IPrepo'.
INFO: [IP_Flow 19-2313] Loaded Vivado IP repository 'C:/Xilinx/Vivado/2022.2/data/ip'.
Command: read_checkpoint -auto_incremental -incremental C:/Users/Git_Smash/ECE385_Smash/Smash_Bros/Smash_Bros.srcs/utils_1/imports/synth_1/SMASH_TOP.dcp
INFO: [Vivado 12-5825] Read reference checkpoint from C:/Users/Git_Smash/ECE385_Smash/Smash_Bros/Smash_Bros.srcs/utils_1/imports/synth_1/SMASH_TOP.dcp for incremental synthesis
INFO: [Vivado 12-7989] Please ensure there are no constraint changes
Command: synth_design -top SMASH_TOP -part xc7s50csga324-1
Starting synth_design
Attempting to get a license for feature 'Synthesis' and/or device 'xc7s50'
INFO: [Common 17-349] Got license for feature 'Synthesis' and/or device 'xc7s50'
INFO: [Device 21-403] Loading part xc7s50csga324-1
INFO: [Synth 8-7079] Multithreading enabled for synth_design using a maximum of 2 processes.
INFO: [Synth 8-7078] Launching helper process for spawning children vivado processes
INFO: [Synth 8-7075] Helper process launched with PID 10900
INFO: [Synth 8-11241] undeclared symbol 'REGCCE', assumed default net type 'wire' [C:/Xilinx/Vivado/2022.2/data/verilog/src/unimacro/BRAM_SINGLE_MACRO.v:2170]
---------------------------------------------------------------------------------
Starting RTL Elaboration : Time (s): cpu = 00:00:06 ; elapsed = 00:00:06 . Memory (MB): peak = 1217.207 ; gain = 406.504
---------------------------------------------------------------------------------
INFO: [Synth 8-6157] synthesizing module 'SMASH_TOP' [C:/Users/Git_Smash/ECE385_Smash/Smash_Bros/Smash_Bros.srcs/sources_1/new/SMASH_TOP.sv:24]
INFO: [Synth 8-6157] synthesizing module 'HexDriver' [C:/Users/Git_Smash/ECE385_Smash/Smash_Bros/Smash_Bros.srcs/sources_1/imports/design_source/hex.sv:1]
INFO: [Synth 8-6157] synthesizing module 'nibble_to_hex' [C:/Users/Git_Smash/ECE385_Smash/Smash_Bros/Smash_Bros.srcs/sources_1/imports/design_source/hex.sv:11]
INFO: [Synth 8-6155] done synthesizing module 'nibble_to_hex' (0#1) [C:/Users/Git_Smash/ECE385_Smash/Smash_Bros/Smash_Bros.srcs/sources_1/imports/design_source/hex.sv:11]
INFO: [Synth 8-6157] synthesizing module 'nibble_to_hex' [C:/Users/Git_Smash/ECE385_Smash/Smash_Bros/Smash_Bros.srcs/sources_1/imports/design_source/hex.sv:11]
INFO: [Synth 8-6155] done synthesizing module 'nibble_to_hex' (0#1) [C:/Users/Git_Smash/ECE385_Smash/Smash_Bros/Smash_Bros.srcs/sources_1/imports/design_source/hex.sv:11]
INFO: [Synth 8-6157] synthesizing module 'nibble_to_hex' [C:/Users/Git_Smash/ECE385_Smash/Smash_Bros/Smash_Bros.srcs/sources_1/imports/design_source/hex.sv:11]
INFO: [Synth 8-6155] done synthesizing module 'nibble_to_hex' (0#1) [C:/Users/Git_Smash/ECE385_Smash/Smash_Bros/Smash_Bros.srcs/sources_1/imports/design_source/hex.sv:11]
INFO: [Synth 8-6157] synthesizing module 'nibble_to_hex' [C:/Users/Git_Smash/ECE385_Smash/Smash_Bros/Smash_Bros.srcs/sources_1/imports/design_source/hex.sv:11]
INFO: [Synth 8-6155] done synthesizing module 'nibble_to_hex' (0#1) [C:/Users/Git_Smash/ECE385_Smash/Smash_Bros/Smash_Bros.srcs/sources_1/imports/design_source/hex.sv:11]
INFO: [Synth 8-6155] done synthesizing module 'HexDriver' (0#1) [C:/Users/Git_Smash/ECE385_Smash/Smash_Bros/Smash_Bros.srcs/sources_1/imports/design_source/hex.sv:1]
INFO: [Synth 8-6157] synthesizing module 'mb_ball' [c:/Users/Git_Smash/ECE385_Smash/Smash_Bros/Smash_Bros.gen/sources_1/bd/mb_ball/synth/mb_ball.v:936]
INFO: [Synth 8-6157] synthesizing module 'mb_ball_axi_uartlite_0_0' [C:/Users/Git_Smash/ECE385_Smash/Smash_Bros/Smash_Bros.runs/synth_1/.Xil/Vivado-6864-DESKTOP-MTC1J3G/realtime/mb_ball_axi_uartlite_0_0_stub.v:5]
INFO: [Synth 8-6155] done synthesizing module 'mb_ball_axi_uartlite_0_0' (0#1) [C:/Users/Git_Smash/ECE385_Smash/Smash_Bros/Smash_Bros.runs/synth_1/.Xil/Vivado-6864-DESKTOP-MTC1J3G/realtime/mb_ball_axi_uartlite_0_0_stub.v:5]
INFO: [Synth 8-6157] synthesizing module 'mb_ball_clk_wiz_1_0' [C:/Users/Git_Smash/ECE385_Smash/Smash_Bros/Smash_Bros.runs/synth_1/.Xil/Vivado-6864-DESKTOP-MTC1J3G/realtime/mb_ball_clk_wiz_1_0_stub.v:5]
INFO: [Synth 8-6155] done synthesizing module 'mb_ball_clk_wiz_1_0' (0#1) [C:/Users/Git_Smash/ECE385_Smash/Smash_Bros/Smash_Bros.runs/synth_1/.Xil/Vivado-6864-DESKTOP-MTC1J3G/realtime/mb_ball_clk_wiz_1_0_stub.v:5]
INFO: [Synth 8-6157] synthesizing module 'mb_ball_axi_gpio_0_1' [C:/Users/Git_Smash/ECE385_Smash/Smash_Bros/Smash_Bros.runs/synth_1/.Xil/Vivado-6864-DESKTOP-MTC1J3G/realtime/mb_ball_axi_gpio_0_1_stub.v:5]
INFO: [Synth 8-6155] done synthesizing module 'mb_ball_axi_gpio_0_1' (0#1) [C:/Users/Git_Smash/ECE385_Smash/Smash_Bros/Smash_Bros.runs/synth_1/.Xil/Vivado-6864-DESKTOP-MTC1J3G/realtime/mb_ball_axi_gpio_0_1_stub.v:5]
INFO: [Synth 8-6157] synthesizing module 'mb_ball_axi_gpio_0_2' [C:/Users/Git_Smash/ECE385_Smash/Smash_Bros/Smash_Bros.runs/synth_1/.Xil/Vivado-6864-DESKTOP-MTC1J3G/realtime/mb_ball_axi_gpio_0_2_stub.v:5]
INFO: [Synth 8-6155] done synthesizing module 'mb_ball_axi_gpio_0_2' (0#1) [C:/Users/Git_Smash/ECE385_Smash/Smash_Bros/Smash_Bros.runs/synth_1/.Xil/Vivado-6864-DESKTOP-MTC1J3G/realtime/mb_ball_axi_gpio_0_2_stub.v:5]
INFO: [Synth 8-6157] synthesizing module 'mb_ball_axi_gpio_0_0' [C:/Users/Git_Smash/ECE385_Smash/Smash_Bros/Smash_Bros.runs/synth_1/.Xil/Vivado-6864-DESKTOP-MTC1J3G/realtime/mb_ball_axi_gpio_0_0_stub.v:5]
INFO: [Synth 8-6155] done synthesizing module 'mb_ball_axi_gpio_0_0' (0#1) [C:/Users/Git_Smash/ECE385_Smash/Smash_Bros/Smash_Bros.runs/synth_1/.Xil/Vivado-6864-DESKTOP-MTC1J3G/realtime/mb_ball_axi_gpio_0_0_stub.v:5]
INFO: [Synth 8-6157] synthesizing module 'mb_ball_mdm_1_0' [C:/Users/Git_Smash/ECE385_Smash/Smash_Bros/Smash_Bros.runs/synth_1/.Xil/Vivado-6864-DESKTOP-MTC1J3G/realtime/mb_ball_mdm_1_0_stub.v:5]
INFO: [Synth 8-6155] done synthesizing module 'mb_ball_mdm_1_0' (0#1) [C:/Users/Git_Smash/ECE385_Smash/Smash_Bros/Smash_Bros.runs/synth_1/.Xil/Vivado-6864-DESKTOP-MTC1J3G/realtime/mb_ball_mdm_1_0_stub.v:5]
INFO: [Synth 8-6157] synthesizing module 'mb_ball_microblaze_0_0' [C:/Users/Git_Smash/ECE385_Smash/Smash_Bros/Smash_Bros.runs/synth_1/.Xil/Vivado-6864-DESKTOP-MTC1J3G/realtime/mb_ball_microblaze_0_0_stub.v:5]
INFO: [Synth 8-6155] done synthesizing module 'mb_ball_microblaze_0_0' (0#1) [C:/Users/Git_Smash/ECE385_Smash/Smash_Bros/Smash_Bros.runs/synth_1/.Xil/Vivado-6864-DESKTOP-MTC1J3G/realtime/mb_ball_microblaze_0_0_stub.v:5]
INFO: [Synth 8-6157] synthesizing module 'mb_ball_microblaze_0_axi_intc_0' [C:/Users/Git_Smash/ECE385_Smash/Smash_Bros/Smash_Bros.runs/synth_1/.Xil/Vivado-6864-DESKTOP-MTC1J3G/realtime/mb_ball_microblaze_0_axi_intc_0_stub.v:5]
INFO: [Synth 8-6155] done synthesizing module 'mb_ball_microblaze_0_axi_intc_0' (0#1) [C:/Users/Git_Smash/ECE385_Smash/Smash_Bros/Smash_Bros.runs/synth_1/.Xil/Vivado-6864-DESKTOP-MTC1J3G/realtime/mb_ball_microblaze_0_axi_intc_0_stub.v:5]
INFO: [Synth 8-6157] synthesizing module 'mb_ball_microblaze_0_axi_periph_0' [c:/Users/Git_Smash/ECE385_Smash/Smash_Bros/Smash_Bros.gen/sources_1/bd/mb_ball/synth/mb_ball.v:1602]
INFO: [Synth 8-6157] synthesizing module 'm00_couplers_imp_16FT3F1' [c:/Users/Git_Smash/ECE385_Smash/Smash_Bros/Smash_Bros.gen/sources_1/bd/mb_ball/synth/mb_ball.v:12]
INFO: [Synth 8-6155] done synthesizing module 'm00_couplers_imp_16FT3F1' (0#1) [c:/Users/Git_Smash/ECE385_Smash/Smash_Bros/Smash_Bros.gen/sources_1/bd/mb_ball/synth/mb_ball.v:12]
INFO: [Synth 8-6157] synthesizing module 'm01_couplers_imp_8OVOPA' [c:/Users/Git_Smash/ECE385_Smash/Smash_Bros/Smash_Bros.gen/sources_1/bd/mb_ball/synth/mb_ball.v:144]
INFO: [Synth 8-6155] done synthesizing module 'm01_couplers_imp_8OVOPA' (0#1) [c:/Users/Git_Smash/ECE385_Smash/Smash_Bros/Smash_Bros.gen/sources_1/bd/mb_ball/synth/mb_ball.v:144]
INFO: [Synth 8-6157] synthesizing module 'm02_couplers_imp_LAYXQI' [c:/Users/Git_Smash/ECE385_Smash/Smash_Bros/Smash_Bros.gen/sources_1/bd/mb_ball/synth/mb_ball.v:276]
INFO: [Synth 8-6155] done synthesizing module 'm02_couplers_imp_LAYXQI' (0#1) [c:/Users/Git_Smash/ECE385_Smash/Smash_Bros/Smash_Bros.gen/sources_1/bd/mb_ball/synth/mb_ball.v:276]
INFO: [Synth 8-6157] synthesizing module 'm03_couplers_imp_1KG0K5L' [c:/Users/Git_Smash/ECE385_Smash/Smash_Bros/Smash_Bros.gen/sources_1/bd/mb_ball/synth/mb_ball.v:408]
INFO: [Synth 8-6155] done synthesizing module 'm03_couplers_imp_1KG0K5L' (0#1) [c:/Users/Git_Smash/ECE385_Smash/Smash_Bros/Smash_Bros.gen/sources_1/bd/mb_ball/synth/mb_ball.v:408]
INFO: [Synth 8-6157] synthesizing module 'm04_couplers_imp_1TH6SEA' [c:/Users/Git_Smash/ECE385_Smash/Smash_Bros/Smash_Bros.gen/sources_1/bd/mb_ball/synth/mb_ball.v:540]
INFO: [Synth 8-6155] done synthesizing module 'm04_couplers_imp_1TH6SEA' (0#1) [c:/Users/Git_Smash/ECE385_Smash/Smash_Bros/Smash_Bros.gen/sources_1/bd/mb_ball/synth/mb_ball.v:540]
INFO: [Synth 8-6157] synthesizing module 'm05_couplers_imp_U2BSW1' [c:/Users/Git_Smash/ECE385_Smash/Smash_Bros/Smash_Bros.gen/sources_1/bd/mb_ball/synth/mb_ball.v:672]
INFO: [Synth 8-6155] done synthesizing module 'm05_couplers_imp_U2BSW1' (0#1) [c:/Users/Git_Smash/ECE385_Smash/Smash_Bros/Smash_Bros.gen/sources_1/bd/mb_ball/synth/mb_ball.v:672]
INFO: [Synth 8-6157] synthesizing module 'm06_couplers_imp_HOT4ZP' [c:/Users/Git_Smash/ECE385_Smash/Smash_Bros/Smash_Bros.gen/sources_1/bd/mb_ball/synth/mb_ball.v:804]
INFO: [Synth 8-6155] done synthesizing module 'm06_couplers_imp_HOT4ZP' (0#1) [c:/Users/Git_Smash/ECE385_Smash/Smash_Bros/Smash_Bros.gen/sources_1/bd/mb_ball/synth/mb_ball.v:804]
INFO: [Synth 8-6157] synthesizing module 's00_couplers_imp_8TKQHD' [c:/Users/Git_Smash/ECE385_Smash/Smash_Bros/Smash_Bros.gen/sources_1/bd/mb_ball/synth/mb_ball.v:2926]
INFO: [Synth 8-6155] done synthesizing module 's00_couplers_imp_8TKQHD' (0#1) [c:/Users/Git_Smash/ECE385_Smash/Smash_Bros/Smash_Bros.gen/sources_1/bd/mb_ball/synth/mb_ball.v:2926]
INFO: [Synth 8-6157] synthesizing module 'mb_ball_xbar_0' [C:/Users/Git_Smash/ECE385_Smash/Smash_Bros/Smash_Bros.runs/synth_1/.Xil/Vivado-6864-DESKTOP-MTC1J3G/realtime/mb_ball_xbar_0_stub.v:5]
INFO: [Synth 8-6155] done synthesizing module 'mb_ball_xbar_0' (0#1) [C:/Users/Git_Smash/ECE385_Smash/Smash_Bros/Smash_Bros.runs/synth_1/.Xil/Vivado-6864-DESKTOP-MTC1J3G/realtime/mb_ball_xbar_0_stub.v:5]
WARNING: [Synth 8-7071] port 'm_axi_awprot' of module 'mb_ball_xbar_0' is unconnected for instance 'xbar' [c:/Users/Git_Smash/ECE385_Smash/Smash_Bros/Smash_Bros.gen/sources_1/bd/mb_ball/synth/mb_ball.v:2651]
WARNING: [Synth 8-7071] port 'm_axi_arprot' of module 'mb_ball_xbar_0' is unconnected for instance 'xbar' [c:/Users/Git_Smash/ECE385_Smash/Smash_Bros/Smash_Bros.gen/sources_1/bd/mb_ball/synth/mb_ball.v:2651]
WARNING: [Synth 8-7023] instance 'xbar' of module 'mb_ball_xbar_0' has 40 connections declared, but only 38 given [c:/Users/Git_Smash/ECE385_Smash/Smash_Bros/Smash_Bros.gen/sources_1/bd/mb_ball/synth/mb_ball.v:2651]
INFO: [Synth 8-6155] done synthesizing module 'mb_ball_microblaze_0_axi_periph_0' (0#1) [c:/Users/Git_Smash/ECE385_Smash/Smash_Bros/Smash_Bros.gen/sources_1/bd/mb_ball/synth/mb_ball.v:1602]
INFO: [Synth 8-6157] synthesizing module 'microblaze_0_local_memory_imp_GMYH4D' [c:/Users/Git_Smash/ECE385_Smash/Smash_Bros/Smash_Bros.gen/sources_1/bd/mb_ball/synth/mb_ball.v:2692]
INFO: [Synth 8-6157] synthesizing module 'mb_ball_dlmb_bram_if_cntlr_0' [C:/Users/Git_Smash/ECE385_Smash/Smash_Bros/Smash_Bros.runs/synth_1/.Xil/Vivado-6864-DESKTOP-MTC1J3G/realtime/mb_ball_dlmb_bram_if_cntlr_0_stub.v:5]
INFO: [Synth 8-6155] done synthesizing module 'mb_ball_dlmb_bram_if_cntlr_0' (0#1) [C:/Users/Git_Smash/ECE385_Smash/Smash_Bros/Smash_Bros.runs/synth_1/.Xil/Vivado-6864-DESKTOP-MTC1J3G/realtime/mb_ball_dlmb_bram_if_cntlr_0_stub.v:5]
INFO: [Synth 8-6157] synthesizing module 'mb_ball_dlmb_v10_0' [C:/Users/Git_Smash/ECE385_Smash/Smash_Bros/Smash_Bros.runs/synth_1/.Xil/Vivado-6864-DESKTOP-MTC1J3G/realtime/mb_ball_dlmb_v10_0_stub.v:5]
INFO: [Synth 8-6155] done synthesizing module 'mb_ball_dlmb_v10_0' (0#1) [C:/Users/Git_Smash/ECE385_Smash/Smash_Bros/Smash_Bros.runs/synth_1/.Xil/Vivado-6864-DESKTOP-MTC1J3G/realtime/mb_ball_dlmb_v10_0_stub.v:5]
WARNING: [Synth 8-7071] port 'LMB_Rst' of module 'mb_ball_dlmb_v10_0' is unconnected for instance 'dlmb_v10' [c:/Users/Git_Smash/ECE385_Smash/Smash_Bros/Smash_Bros.gen/sources_1/bd/mb_ball/synth/mb_ball.v:2838]
WARNING: [Synth 8-7023] instance 'dlmb_v10' of module 'mb_ball_dlmb_v10_0' has 25 connections declared, but only 24 given [c:/Users/Git_Smash/ECE385_Smash/Smash_Bros/Smash_Bros.gen/sources_1/bd/mb_ball/synth/mb_ball.v:2838]
INFO: [Synth 8-6157] synthesizing module 'mb_ball_ilmb_bram_if_cntlr_0' [C:/Users/Git_Smash/ECE385_Smash/Smash_Bros/Smash_Bros.runs/synth_1/.Xil/Vivado-6864-DESKTOP-MTC1J3G/realtime/mb_ball_ilmb_bram_if_cntlr_0_stub.v:5]
INFO: [Synth 8-6155] done synthesizing module 'mb_ball_ilmb_bram_if_cntlr_0' (0#1) [C:/Users/Git_Smash/ECE385_Smash/Smash_Bros/Smash_Bros.runs/synth_1/.Xil/Vivado-6864-DESKTOP-MTC1J3G/realtime/mb_ball_ilmb_bram_if_cntlr_0_stub.v:5]
INFO: [Synth 8-6157] synthesizing module 'mb_ball_ilmb_v10_0' [C:/Users/Git_Smash/ECE385_Smash/Smash_Bros/Smash_Bros.runs/synth_1/.Xil/Vivado-6864-DESKTOP-MTC1J3G/realtime/mb_ball_ilmb_v10_0_stub.v:5]
INFO: [Synth 8-6155] done synthesizing module 'mb_ball_ilmb_v10_0' (0#1) [C:/Users/Git_Smash/ECE385_Smash/Smash_Bros/Smash_Bros.runs/synth_1/.Xil/Vivado-6864-DESKTOP-MTC1J3G/realtime/mb_ball_ilmb_v10_0_stub.v:5]
WARNING: [Synth 8-7071] port 'LMB_Rst' of module 'mb_ball_ilmb_v10_0' is unconnected for instance 'ilmb_v10' [c:/Users/Git_Smash/ECE385_Smash/Smash_Bros/Smash_Bros.gen/sources_1/bd/mb_ball/synth/mb_ball.v:2884]
WARNING: [Synth 8-7023] instance 'ilmb_v10' of module 'mb_ball_ilmb_v10_0' has 25 connections declared, but only 24 given [c:/Users/Git_Smash/ECE385_Smash/Smash_Bros/Smash_Bros.gen/sources_1/bd/mb_ball/synth/mb_ball.v:2884]
INFO: [Synth 8-6157] synthesizing module 'mb_ball_lmb_bram_0' [C:/Users/Git_Smash/ECE385_Smash/Smash_Bros/Smash_Bros.runs/synth_1/.Xil/Vivado-6864-DESKTOP-MTC1J3G/realtime/mb_ball_lmb_bram_0_stub.v:5]
INFO: [Synth 8-6155] done synthesizing module 'mb_ball_lmb_bram_0' (0#1) [C:/Users/Git_Smash/ECE385_Smash/Smash_Bros/Smash_Bros.runs/synth_1/.Xil/Vivado-6864-DESKTOP-MTC1J3G/realtime/mb_ball_lmb_bram_0_stub.v:5]
WARNING: [Synth 8-7071] port 'rsta_busy' of module 'mb_ball_lmb_bram_0' is unconnected for instance 'lmb_bram' [c:/Users/Git_Smash/ECE385_Smash/Smash_Bros/Smash_Bros.gen/sources_1/bd/mb_ball/synth/mb_ball.v:2909]
WARNING: [Synth 8-7071] port 'rstb_busy' of module 'mb_ball_lmb_bram_0' is unconnected for instance 'lmb_bram' [c:/Users/Git_Smash/ECE385_Smash/Smash_Bros/Smash_Bros.gen/sources_1/bd/mb_ball/synth/mb_ball.v:2909]
WARNING: [Synth 8-7023] instance 'lmb_bram' of module 'mb_ball_lmb_bram_0' has 16 connections declared, but only 14 given [c:/Users/Git_Smash/ECE385_Smash/Smash_Bros/Smash_Bros.gen/sources_1/bd/mb_ball/synth/mb_ball.v:2909]
INFO: [Synth 8-6155] done synthesizing module 'microblaze_0_local_memory_imp_GMYH4D' (0#1) [c:/Users/Git_Smash/ECE385_Smash/Smash_Bros/Smash_Bros.gen/sources_1/bd/mb_ball/synth/mb_ball.v:2692]
INFO: [Synth 8-6157] synthesizing module 'mb_ball_rst_clk_wiz_1_100M_0' [C:/Users/Git_Smash/ECE385_Smash/Smash_Bros/Smash_Bros.runs/synth_1/.Xil/Vivado-6864-DESKTOP-MTC1J3G/realtime/mb_ball_rst_clk_wiz_1_100M_0_stub.v:5]
INFO: [Synth 8-6155] done synthesizing module 'mb_ball_rst_clk_wiz_1_100M_0' (0#1) [C:/Users/Git_Smash/ECE385_Smash/Smash_Bros/Smash_Bros.runs/synth_1/.Xil/Vivado-6864-DESKTOP-MTC1J3G/realtime/mb_ball_rst_clk_wiz_1_100M_0_stub.v:5]
WARNING: [Synth 8-7071] port 'peripheral_reset' of module 'mb_ball_rst_clk_wiz_1_100M_0' is unconnected for instance 'rst_clk_wiz_1_100M' [c:/Users/Git_Smash/ECE385_Smash/Smash_Bros/Smash_Bros.gen/sources_1/bd/mb_ball/synth/mb_ball.v:1532]
WARNING: [Synth 8-7071] port 'interconnect_aresetn' of module 'mb_ball_rst_clk_wiz_1_100M_0' is unconnected for instance 'rst_clk_wiz_1_100M' [c:/Users/Git_Smash/ECE385_Smash/Smash_Bros/Smash_Bros.gen/sources_1/bd/mb_ball/synth/mb_ball.v:1532]
WARNING: [Synth 8-7023] instance 'rst_clk_wiz_1_100M' of module 'mb_ball_rst_clk_wiz_1_100M_0' has 10 connections declared, but only 8 given [c:/Users/Git_Smash/ECE385_Smash/Smash_Bros/Smash_Bros.gen/sources_1/bd/mb_ball/synth/mb_ball.v:1532]
INFO: [Synth 8-6157] synthesizing module 'mb_ball_axi_quad_spi_0_0' [C:/Users/Git_Smash/ECE385_Smash/Smash_Bros/Smash_Bros.runs/synth_1/.Xil/Vivado-6864-DESKTOP-MTC1J3G/realtime/mb_ball_axi_quad_spi_0_0_stub.v:5]
INFO: [Synth 8-6155] done synthesizing module 'mb_ball_axi_quad_spi_0_0' (0#1) [C:/Users/Git_Smash/ECE385_Smash/Smash_Bros/Smash_Bros.runs/synth_1/.Xil/Vivado-6864-DESKTOP-MTC1J3G/realtime/mb_ball_axi_quad_spi_0_0_stub.v:5]
WARNING: [Synth 8-7071] port 'io0_t' of module 'mb_ball_axi_quad_spi_0_0' is unconnected for instance 'spi_usb' [c:/Users/Git_Smash/ECE385_Smash/Smash_Bros/Smash_Bros.gen/sources_1/bd/mb_ball/synth/mb_ball.v:1541]
WARNING: [Synth 8-7071] port 'io1_o' of module 'mb_ball_axi_quad_spi_0_0' is unconnected for instance 'spi_usb' [c:/Users/Git_Smash/ECE385_Smash/Smash_Bros/Smash_Bros.gen/sources_1/bd/mb_ball/synth/mb_ball.v:1541]
WARNING: [Synth 8-7071] port 'io1_t' of module 'mb_ball_axi_quad_spi_0_0' is unconnected for instance 'spi_usb' [c:/Users/Git_Smash/ECE385_Smash/Smash_Bros/Smash_Bros.gen/sources_1/bd/mb_ball/synth/mb_ball.v:1541]
WARNING: [Synth 8-7071] port 'sck_t' of module 'mb_ball_axi_quad_spi_0_0' is unconnected for instance 'spi_usb' [c:/Users/Git_Smash/ECE385_Smash/Smash_Bros/Smash_Bros.gen/sources_1/bd/mb_ball/synth/mb_ball.v:1541]
WARNING: [Synth 8-7071] port 'ss_t' of module 'mb_ball_axi_quad_spi_0_0' is unconnected for instance 'spi_usb' [c:/Users/Git_Smash/ECE385_Smash/Smash_Bros/Smash_Bros.gen/sources_1/bd/mb_ball/synth/mb_ball.v:1541]
WARNING: [Synth 8-7023] instance 'spi_usb' of module 'mb_ball_axi_quad_spi_0_0' has 33 connections declared, but only 28 given [c:/Users/Git_Smash/ECE385_Smash/Smash_Bros/Smash_Bros.gen/sources_1/bd/mb_ball/synth/mb_ball.v:1541]
INFO: [Synth 8-6157] synthesizing module 'mb_ball_axi_timer_0_0' [C:/Users/Git_Smash/ECE385_Smash/Smash_Bros/Smash_Bros.runs/synth_1/.Xil/Vivado-6864-DESKTOP-MTC1J3G/realtime/mb_ball_axi_timer_0_0_stub.v:5]
INFO: [Synth 8-6155] done synthesizing module 'mb_ball_axi_timer_0_0' (0#1) [C:/Users/Git_Smash/ECE385_Smash/Smash_Bros/Smash_Bros.runs/synth_1/.Xil/Vivado-6864-DESKTOP-MTC1J3G/realtime/mb_ball_axi_timer_0_0_stub.v:5]
WARNING: [Synth 8-7071] port 'generateout0' of module 'mb_ball_axi_timer_0_0' is unconnected for instance 'timer_usb_axi' [c:/Users/Git_Smash/ECE385_Smash/Smash_Bros/Smash_Bros.gen/sources_1/bd/mb_ball/synth/mb_ball.v:1570]
WARNING: [Synth 8-7071] port 'generateout1' of module 'mb_ball_axi_timer_0_0' is unconnected for instance 'timer_usb_axi' [c:/Users/Git_Smash/ECE385_Smash/Smash_Bros/Smash_Bros.gen/sources_1/bd/mb_ball/synth/mb_ball.v:1570]
WARNING: [Synth 8-7071] port 'pwm0' of module 'mb_ball_axi_timer_0_0' is unconnected for instance 'timer_usb_axi' [c:/Users/Git_Smash/ECE385_Smash/Smash_Bros/Smash_Bros.gen/sources_1/bd/mb_ball/synth/mb_ball.v:1570]
WARNING: [Synth 8-7023] instance 'timer_usb_axi' of module 'mb_ball_axi_timer_0_0' has 26 connections declared, but only 23 given [c:/Users/Git_Smash/ECE385_Smash/Smash_Bros/Smash_Bros.gen/sources_1/bd/mb_ball/synth/mb_ball.v:1570]
INFO: [Synth 8-6157] synthesizing module 'mb_ball_xlconcat_0_0' [c:/Users/Git_Smash/ECE385_Smash/Smash_Bros/Smash_Bros.gen/sources_1/bd/mb_ball/ip/mb_ball_xlconcat_0_0/synth/mb_ball_xlconcat_0_0.v:53]
INFO: [Synth 8-6157] synthesizing module 'xlconcat_v2_1_4_xlconcat' [c:/Users/Git_Smash/ECE385_Smash/Smash_Bros/Smash_Bros.gen/sources_1/bd/mb_ball/ipshared/4b67/hdl/xlconcat_v2_1_vl_rfs.v:14]
INFO: [Synth 8-6155] done synthesizing module 'xlconcat_v2_1_4_xlconcat' (0#1) [c:/Users/Git_Smash/ECE385_Smash/Smash_Bros/Smash_Bros.gen/sources_1/bd/mb_ball/ipshared/4b67/hdl/xlconcat_v2_1_vl_rfs.v:14]
INFO: [Synth 8-6155] done synthesizing module 'mb_ball_xlconcat_0_0' (0#1) [c:/Users/Git_Smash/ECE385_Smash/Smash_Bros/Smash_Bros.gen/sources_1/bd/mb_ball/ip/mb_ball_xlconcat_0_0/synth/mb_ball_xlconcat_0_0.v:53]
INFO: [Synth 8-6155] done synthesizing module 'mb_ball' (0#1) [c:/Users/Git_Smash/ECE385_Smash/Smash_Bros/Smash_Bros.gen/sources_1/bd/mb_ball/synth/mb_ball.v:936]
INFO: [Synth 8-6157] synthesizing module 'clk_wiz_0' [C:/Users/Git_Smash/ECE385_Smash/Smash_Bros/Smash_Bros.runs/synth_1/.Xil/Vivado-6864-DESKTOP-MTC1J3G/realtime/clk_wiz_0_stub.v:5]
INFO: [Synth 8-6155] done synthesizing module 'clk_wiz_0' (0#1) [C:/Users/Git_Smash/ECE385_Smash/Smash_Bros/Smash_Bros.runs/synth_1/.Xil/Vivado-6864-DESKTOP-MTC1J3G/realtime/clk_wiz_0_stub.v:5]
INFO: [Synth 8-6157] synthesizing module 'vga_controller' [C:/Users/Git_Smash/ECE385_Smash/Smash_Bros/Smash_Bros.srcs/sources_1/imports/design_source/VGA_controller.sv:26]
INFO: [Synth 8-6155] done synthesizing module 'vga_controller' (0#1) [C:/Users/Git_Smash/ECE385_Smash/Smash_Bros/Smash_Bros.srcs/sources_1/imports/design_source/VGA_controller.sv:26]
WARNING: [Synth 8-7071] port 'sync' of module 'vga_controller' is unconnected for instance 'vga' [C:/Users/Git_Smash/ECE385_Smash/Smash_Bros/Smash_Bros.srcs/sources_1/new/SMASH_TOP.sv:111]
WARNING: [Synth 8-7023] instance 'vga' of module 'vga_controller' has 8 connections declared, but only 7 given [C:/Users/Git_Smash/ECE385_Smash/Smash_Bros/Smash_Bros.srcs/sources_1/new/SMASH_TOP.sv:111]
INFO: [Synth 8-6157] synthesizing module 'hdmi_tx_0' [C:/Users/Git_Smash/ECE385_Smash/Smash_Bros/Smash_Bros.runs/synth_1/.Xil/Vivado-6864-DESKTOP-MTC1J3G/realtime/hdmi_tx_0_stub.v:5]
INFO: [Synth 8-6155] done synthesizing module 'hdmi_tx_0' (0#1) [C:/Users/Git_Smash/ECE385_Smash/Smash_Bros/Smash_Bros.runs/synth_1/.Xil/Vivado-6864-DESKTOP-MTC1J3G/realtime/hdmi_tx_0_stub.v:5]
INFO: [Synth 8-6157] synthesizing module 'Mario_State' [C:/Users/Git_Smash/ECE385_Smash/Smash_Bros/Smash_Bros.srcs/sources_1/imports/design_source/Mario_State.sv:21]
INFO: [Synth 8-294] found qualifier unique on case statement: implementing as parallel_case [C:/Users/Git_Smash/ECE385_Smash/Smash_Bros/Smash_Bros.srcs/sources_1/imports/design_source/Mario_State.sv:76]
INFO: [Synth 8-6155] done synthesizing module 'Mario_State' (0#1) [C:/Users/Git_Smash/ECE385_Smash/Smash_Bros/Smash_Bros.srcs/sources_1/imports/design_source/Mario_State.sv:21]
WARNING: [Synth 8-7071] port 'edge_below' of module 'Mario_State' is unconnected for instance 'Mario_State0' [C:/Users/Git_Smash/ECE385_Smash/Smash_Bros/Smash_Bros.srcs/sources_1/new/SMASH_TOP.sv:150]
WARNING: [Synth 8-7023] instance 'Mario_State0' of module 'Mario_State' has 6 connections declared, but only 5 given [C:/Users/Git_Smash/ECE385_Smash/Smash_Bros/Smash_Bros.srcs/sources_1/new/SMASH_TOP.sv:150]
INFO: [Synth 8-6157] synthesizing module 'Mario' [C:/Users/Git_Smash/ECE385_Smash/Smash_Bros/Smash_Bros.srcs/sources_1/imports/design_source/Mario.sv:17]
INFO: [Synth 8-6155] done synthesizing module 'Mario' (0#1) [C:/Users/Git_Smash/ECE385_Smash/Smash_Bros/Smash_Bros.srcs/sources_1/imports/design_source/Mario.sv:17]
WARNING: [Synth 8-7071] port 'edge_below' of module 'Mario' is unconnected for instance 'mario_instance' [C:/Users/Git_Smash/ECE385_Smash/Smash_Bros/Smash_Bros.srcs/sources_1/new/SMASH_TOP.sv:158]
WARNING: [Synth 8-7023] instance 'mario_instance' of module 'Mario' has 12 connections declared, but only 11 given [C:/Users/Git_Smash/ECE385_Smash/Smash_Bros/Smash_Bros.srcs/sources_1/new/SMASH_TOP.sv:158]
INFO: [Synth 8-6157] synthesizing module 'color_mapper' [C:/Users/Git_Smash/ECE385_Smash/Smash_Bros/Smash_Bros.srcs/sources_1/imports/design_source/Color_Mapper.sv:17]
INFO: [Synth 8-6157] synthesizing module 'Mario_Stationary_RAM' [C:/Users/Git_Smash/ECE385_Smash/Smash_Bros/Smash_Bros.srcs/sources_1/imports/design_source/ram.sv:7]
INFO: [Synth 8-3876] $readmem data file 'Mario.txt' is read successfully [C:/Users/Git_Smash/ECE385_Smash/Smash_Bros/Smash_Bros.srcs/sources_1/imports/design_source/ram.sv:21]
INFO: [Synth 8-6155] done synthesizing module 'Mario_Stationary_RAM' (0#1) [C:/Users/Git_Smash/ECE385_Smash/Smash_Bros/Smash_Bros.srcs/sources_1/imports/design_source/ram.sv:7]
WARNING: [Synth 8-689] width (4) of port connection 'data_Out' does not match port width (2) of module 'Mario_Stationary_RAM' [C:/Users/Git_Smash/ECE385_Smash/Smash_Bros/Smash_Bros.srcs/sources_1/imports/design_source/Color_Mapper.sv:70]
INFO: [Synth 8-6157] synthesizing module 'Mario_Walking_RAM1' [C:/Users/Git_Smash/ECE385_Smash/Smash_Bros/Smash_Bros.srcs/sources_1/imports/design_source/Mario_running_1ROM.sv:7]
INFO: [Synth 8-3876] $readmem data file 'Mario_running_1.txt' is read successfully [C:/Users/Git_Smash/ECE385_Smash/Smash_Bros/Smash_Bros.srcs/sources_1/imports/design_source/Mario_running_1ROM.sv:21]
INFO: [Synth 8-6155] done synthesizing module 'Mario_Walking_RAM1' (0#1) [C:/Users/Git_Smash/ECE385_Smash/Smash_Bros/Smash_Bros.srcs/sources_1/imports/design_source/Mario_running_1ROM.sv:7]
WARNING: [Synth 8-689] width (4) of port connection 'data_Out' does not match port width (2) of module 'Mario_Walking_RAM1' [C:/Users/Git_Smash/ECE385_Smash/Smash_Bros/Smash_Bros.srcs/sources_1/imports/design_source/Color_Mapper.sv:76]
INFO: [Synth 8-6157] synthesizing module 'Mario_Walking_RAM2' [C:/Users/Git_Smash/ECE385_Smash/Smash_Bros/Smash_Bros.srcs/sources_1/imports/design_source/Mario_running_2ROM.sv:7]
INFO: [Synth 8-3876] $readmem data file 'Mario_running_2.txt' is read successfully [C:/Users/Git_Smash/ECE385_Smash/Smash_Bros/Smash_Bros.srcs/sources_1/imports/design_source/Mario_running_2ROM.sv:21]
INFO: [Synth 8-6155] done synthesizing module 'Mario_Walking_RAM2' (0#1) [C:/Users/Git_Smash/ECE385_Smash/Smash_Bros/Smash_Bros.srcs/sources_1/imports/design_source/Mario_running_2ROM.sv:7]
WARNING: [Synth 8-689] width (4) of port connection 'data_Out' does not match port width (2) of module 'Mario_Walking_RAM2' [C:/Users/Git_Smash/ECE385_Smash/Smash_Bros/Smash_Bros.srcs/sources_1/imports/design_source/Color_Mapper.sv:81]
INFO: [Synth 8-6157] synthesizing module 'Mario_Walking_RAM3' [C:/Users/Git_Smash/ECE385_Smash/Smash_Bros/Smash_Bros.srcs/sources_1/imports/design_source/Mario_running_3ROM.sv:7]
INFO: [Synth 8-3876] $readmem data file 'Mario_running_3.txt' is read successfully [C:/Users/Git_Smash/ECE385_Smash/Smash_Bros/Smash_Bros.srcs/sources_1/imports/design_source/Mario_running_3ROM.sv:21]
INFO: [Synth 8-6155] done synthesizing module 'Mario_Walking_RAM3' (0#1) [C:/Users/Git_Smash/ECE385_Smash/Smash_Bros/Smash_Bros.srcs/sources_1/imports/design_source/Mario_running_3ROM.sv:7]
WARNING: [Synth 8-689] width (4) of port connection 'data_Out' does not match port width (2) of module 'Mario_Walking_RAM3' [C:/Users/Git_Smash/ECE385_Smash/Smash_Bros/Smash_Bros.srcs/sources_1/imports/design_source/Color_Mapper.sv:86]
INFO: [Synth 8-6157] synthesizing module 'Smash_Background' [C:/Users/Git_Smash/ECE385_Smash/Smash_Bros/Smash_Bros.srcs/sources_1/imports/design_source/Smash_Background.sv:7]
CRITICAL WARNING: [Synth 8-4445] could not open $readmem data file 'Smash_bros_background_2_final.txt'; please make sure the file is added to project and has read permission, ignoring [C:/Users/Git_Smash/ECE385_Smash/Smash_Bros/Smash_Bros.srcs/sources_1/imports/design_source/Smash_Background.sv:21]
INFO: [Synth 8-6155] done synthesizing module 'Smash_Background' (0#1) [C:/Users/Git_Smash/ECE385_Smash/Smash_Bros/Smash_Bros.srcs/sources_1/imports/design_source/Smash_Background.sv:7]
WARNING: [Synth 8-689] width (4) of port connection 'data_Out' does not match port width (3) of module 'Smash_Background' [C:/Users/Git_Smash/ECE385_Smash/Smash_Bros/Smash_Bros.srcs/sources_1/imports/design_source/Color_Mapper.sv:88]
INFO: [Synth 8-6157] synthesizing module 'Palette_Mario' [C:/Users/Git_Smash/ECE385_Smash/Smash_Bros/Smash_Bros.srcs/sources_1/imports/design_source/Palette_Mario.sv:1]
INFO: [Synth 8-6155] done synthesizing module 'Palette_Mario' (0#1) [C:/Users/Git_Smash/ECE385_Smash/Smash_Bros/Smash_Bros.srcs/sources_1/imports/design_source/Palette_Mario.sv:1]
WARNING: [Synth 8-689] width (4) of port connection 'addr' does not match port width (2) of module 'Palette_Mario' [C:/Users/Git_Smash/ECE385_Smash/Smash_Bros/Smash_Bros.srcs/sources_1/imports/design_source/Color_Mapper.sv:115]
INFO: [Synth 8-6157] synthesizing module 'Palette_Background' [C:/Users/Git_Smash/ECE385_Smash/Smash_Bros/Smash_Bros.srcs/sources_1/imports/design_source/Palette_Background.sv:1]
INFO: [Synth 8-155] case statement is not full and has no default [C:/Users/Git_Smash/ECE385_Smash/Smash_Bros/Smash_Bros.srcs/sources_1/imports/design_source/Palette_Background.sv:8]
INFO: [Synth 8-6155] done synthesizing module 'Palette_Background' (0#1) [C:/Users/Git_Smash/ECE385_Smash/Smash_Bros/Smash_Bros.srcs/sources_1/imports/design_source/Palette_Background.sv:1]
WARNING: [Synth 8-689] width (4) of port connection 'addr' does not match port width (3) of module 'Palette_Background' [C:/Users/Git_Smash/ECE385_Smash/Smash_Bros/Smash_Bros.srcs/sources_1/imports/design_source/Color_Mapper.sv:117]
INFO: [Synth 8-6155] done synthesizing module 'color_mapper' (0#1) [C:/Users/Git_Smash/ECE385_Smash/Smash_Bros/Smash_Bros.srcs/sources_1/imports/design_source/Color_Mapper.sv:17]
INFO: [Synth 8-6155] done synthesizing module 'SMASH_TOP' (0#1) [C:/Users/Git_Smash/ECE385_Smash/Smash_Bros/Smash_Bros.srcs/sources_1/new/SMASH_TOP.sv:24]
WARNING: [Synth 8-87] always_comb on 'edge_below_reg' did not result in combinational logic [C:/Users/Git_Smash/ECE385_Smash/Smash_Bros/Smash_Bros.srcs/sources_1/imports/design_source/Mario.sv:49]
WARNING: [Synth 8-4767] Trying to implement RAM ' ' in registers. Block RAM or DRAM implementation is not possible; see log for reasons.
	1: Unable to determine number of words or word size in RAM. 
	2: No valid read/write found for RAM. 
RAM dissolved into registers
WARNING: [Synth 8-3848] Net mem in module/entity Smash_Background does not have driver. [C:/Users/Git_Smash/ECE385_Smash/Smash_Bros/Smash_Bros.srcs/sources_1/imports/design_source/Smash_Background.sv:17]
WARNING: [Synth 8-3848] Net mem in module/entity Smash_Background does not have driver. [C:/Users/Git_Smash/ECE385_Smash/Smash_Bros/Smash_Bros.srcs/sources_1/imports/design_source/Smash_Background.sv:17]
WARNING: [Synth 8-3848] Net mem in module/entity Smash_Background does not have driver. [C:/Users/Git_Smash/ECE385_Smash/Smash_Bros/Smash_Bros.srcs/sources_1/imports/design_source/Smash_Background.sv:17]
WARNING: [Synth 8-3848] Net mem in module/entity Smash_Background does not have driver. [C:/Users/Git_Smash/ECE385_Smash/Smash_Bros/Smash_Bros.srcs/sources_1/imports/design_source/Smash_Background.sv:17]
WARNING: [Synth 8-3848] Net mem in module/entity Smash_Background does not have driver. [C:/Users/Git_Smash/ECE385_Smash/Smash_Bros/Smash_Bros.srcs/sources_1/imports/design_source/Smash_Background.sv:17]
WARNING: [Synth 8-3848] Net mem in module/entity Smash_Background does not have driver. [C:/Users/Git_Smash/ECE385_Smash/Smash_Bros/Smash_Bros.srcs/sources_1/imports/design_source/Smash_Background.sv:17]
WARNING: [Synth 8-3848] Net mem in module/entity Smash_Background does not have driver. [C:/Users/Git_Smash/ECE385_Smash/Smash_Bros/Smash_Bros.srcs/sources_1/imports/design_source/Smash_Background.sv:17]
WARNING: [Synth 8-3848] Net mem in module/entity Smash_Background does not have driver. [C:/Users/Git_Smash/ECE385_Smash/Smash_Bros/Smash_Bros.srcs/sources_1/imports/design_source/Smash_Background.sv:17]
WARNING: [Synth 8-3848] Net mem in module/entity Smash_Background does not have driver. [C:/Users/Git_Smash/ECE385_Smash/Smash_Bros/Smash_Bros.srcs/sources_1/imports/design_source/Smash_Background.sv:17]
WARNING: [Synth 8-3848] Net mem in module/entity Smash_Background does not have driver. [C:/Users/Git_Smash/ECE385_Smash/Smash_Bros/Smash_Bros.srcs/sources_1/imports/design_source/Smash_Background.sv:17]
WARNING: [Synth 8-3848] Net mem in module/entity Smash_Background does not have driver. [C:/Users/Git_Smash/ECE385_Smash/Smash_Bros/Smash_Bros.srcs/sources_1/imports/design_source/Smash_Background.sv:17]
WARNING: [Synth 8-3848] Net mem in module/entity Smash_Background does not have driver. [C:/Users/Git_Smash/ECE385_Smash/Smash_Bros/Smash_Bros.srcs/sources_1/imports/design_source/Smash_Background.sv:17]
WARNING: [Synth 8-3848] Net mem in module/entity Smash_Background does not have driver. [C:/Users/Git_Smash/ECE385_Smash/Smash_Bros/Smash_Bros.srcs/sources_1/imports/design_source/Smash_Background.sv:17]
WARNING: [Synth 8-3848] Net mem in module/entity Smash_Background does not have driver. [C:/Users/Git_Smash/ECE385_Smash/Smash_Bros/Smash_Bros.srcs/sources_1/imports/design_source/Smash_Background.sv:17]
WARNING: [Synth 8-3848] Net mem in module/entity Smash_Background does not have driver. [C:/Users/Git_Smash/ECE385_Smash/Smash_Bros/Smash_Bros.srcs/sources_1/imports/design_source/Smash_Background.sv:17]
WARNING: [Synth 8-3848] Net mem in module/entity Smash_Background does not have driver. [C:/Users/Git_Smash/ECE385_Smash/Smash_Bros/Smash_Bros.srcs/sources_1/imports/design_source/Smash_Background.sv:17]
WARNING: [Synth 8-3848] Net mem in module/entity Smash_Background does not have driver. [C:/Users/Git_Smash/ECE385_Smash/Smash_Bros/Smash_Bros.srcs/sources_1/imports/design_source/Smash_Background.sv:17]
WARNING: [Synth 8-3848] Net mem in module/entity Smash_Background does not have driver. [C:/Users/Git_Smash/ECE385_Smash/Smash_Bros/Smash_Bros.srcs/sources_1/imports/design_source/Smash_Background.sv:17]
WARNING: [Synth 8-3848] Net mem in module/entity Smash_Background does not have driver. [C:/Users/Git_Smash/ECE385_Smash/Smash_Bros/Smash_Bros.srcs/sources_1/imports/design_source/Smash_Background.sv:17]
WARNING: [Synth 8-3848] Net mem in module/entity Smash_Background does not have driver. [C:/Users/Git_Smash/ECE385_Smash/Smash_Bros/Smash_Bros.srcs/sources_1/imports/design_source/Smash_Background.sv:17]
WARNING: [Synth 8-3848] Net mem in module/entity Smash_Background does not have driver. [C:/Users/Git_Smash/ECE385_Smash/Smash_Bros/Smash_Bros.srcs/sources_1/imports/design_source/Smash_Background.sv:17]
WARNING: [Synth 8-3848] Net mem in module/entity Smash_Background does not have driver. [C:/Users/Git_Smash/ECE385_Smash/Smash_Bros/Smash_Bros.srcs/sources_1/imports/design_source/Smash_Background.sv:17]
WARNING: [Synth 8-3848] Net mem in module/entity Smash_Background does not have driver. [C:/Users/Git_Smash/ECE385_Smash/Smash_Bros/Smash_Bros.srcs/sources_1/imports/design_source/Smash_Background.sv:17]
WARNING: [Synth 8-3848] Net mem in module/entity Smash_Background does not have driver. [C:/Users/Git_Smash/ECE385_Smash/Smash_Bros/Smash_Bros.srcs/sources_1/imports/design_source/Smash_Background.sv:17]
WARNING: [Synth 8-3848] Net mem in module/entity Smash_Background does not have driver. [C:/Users/Git_Smash/ECE385_Smash/Smash_Bros/Smash_Bros.srcs/sources_1/imports/design_source/Smash_Background.sv:17]
WARNING: [Synth 8-3848] Net mem in module/entity Smash_Background does not have driver. [C:/Users/Git_Smash/ECE385_Smash/Smash_Bros/Smash_Bros.srcs/sources_1/imports/design_source/Smash_Background.sv:17]
WARNING: [Synth 8-3848] Net mem in module/entity Smash_Background does not have driver. [C:/Users/Git_Smash/ECE385_Smash/Smash_Bros/Smash_Bros.srcs/sources_1/imports/design_source/Smash_Background.sv:17]
WARNING: [Synth 8-3848] Net mem in module/entity Smash_Background does not have driver. [C:/Users/Git_Smash/ECE385_Smash/Smash_Bros/Smash_Bros.srcs/sources_1/imports/design_source/Smash_Background.sv:17]
WARNING: [Synth 8-3848] Net mem in module/entity Smash_Background does not have driver. [C:/Users/Git_Smash/ECE385_Smash/Smash_Bros/Smash_Bros.srcs/sources_1/imports/design_source/Smash_Background.sv:17]
WARNING: [Synth 8-3848] Net mem in module/entity Smash_Background does not have driver. [C:/Users/Git_Smash/ECE385_Smash/Smash_Bros/Smash_Bros.srcs/sources_1/imports/design_source/Smash_Background.sv:17]
WARNING: [Synth 8-3848] Net mem in module/entity Smash_Background does not have driver. [C:/Users/Git_Smash/ECE385_Smash/Smash_Bros/Smash_Bros.srcs/sources_1/imports/design_source/Smash_Background.sv:17]
WARNING: [Synth 8-3848] Net mem in module/entity Smash_Background does not have driver. [C:/Users/Git_Smash/ECE385_Smash/Smash_Bros/Smash_Bros.srcs/sources_1/imports/design_source/Smash_Background.sv:17]
WARNING: [Synth 8-3848] Net mem in module/entity Smash_Background does not have driver. [C:/Users/Git_Smash/ECE385_Smash/Smash_Bros/Smash_Bros.srcs/sources_1/imports/design_source/Smash_Background.sv:17]
WARNING: [Synth 8-3848] Net mem in module/entity Smash_Background does not have driver. [C:/Users/Git_Smash/ECE385_Smash/Smash_Bros/Smash_Bros.srcs/sources_1/imports/design_source/Smash_Background.sv:17]
WARNING: [Synth 8-3848] Net mem in module/entity Smash_Background does not have driver. [C:/Users/Git_Smash/ECE385_Smash/Smash_Bros/Smash_Bros.srcs/sources_1/imports/design_source/Smash_Background.sv:17]
WARNING: [Synth 8-3848] Net mem in module/entity Smash_Background does not have driver. [C:/Users/Git_Smash/ECE385_Smash/Smash_Bros/Smash_Bros.srcs/sources_1/imports/design_source/Smash_Background.sv:17]
WARNING: [Synth 8-3848] Net mem in module/entity Smash_Background does not have driver. [C:/Users/Git_Smash/ECE385_Smash/Smash_Bros/Smash_Bros.srcs/sources_1/imports/design_source/Smash_Background.sv:17]
WARNING: [Synth 8-3848] Net mem in module/entity Smash_Background does not have driver. [C:/Users/Git_Smash/ECE385_Smash/Smash_Bros/Smash_Bros.srcs/sources_1/imports/design_source/Smash_Background.sv:17]
WARNING: [Synth 8-3848] Net mem in module/entity Smash_Background does not have driver. [C:/Users/Git_Smash/ECE385_Smash/Smash_Bros/Smash_Bros.srcs/sources_1/imports/design_source/Smash_Background.sv:17]
WARNING: [Synth 8-3848] Net mem in module/entity Smash_Background does not have driver. [C:/Users/Git_Smash/ECE385_Smash/Smash_Bros/Smash_Bros.srcs/sources_1/imports/design_source/Smash_Background.sv:17]
WARNING: [Synth 8-3848] Net mem in module/entity Smash_Background does not have driver. [C:/Users/Git_Smash/ECE385_Smash/Smash_Bros/Smash_Bros.srcs/sources_1/imports/design_source/Smash_Background.sv:17]
WARNING: [Synth 8-3848] Net mem in module/entity Smash_Background does not have driver. [C:/Users/Git_Smash/ECE385_Smash/Smash_Bros/Smash_Bros.srcs/sources_1/imports/design_source/Smash_Background.sv:17]
WARNING: [Synth 8-3848] Net mem in module/entity Smash_Background does not have driver. [C:/Users/Git_Smash/ECE385_Smash/Smash_Bros/Smash_Bros.srcs/sources_1/imports/design_source/Smash_Background.sv:17]
WARNING: [Synth 8-3848] Net mem in module/entity Smash_Background does not have driver. [C:/Users/Git_Smash/ECE385_Smash/Smash_Bros/Smash_Bros.srcs/sources_1/imports/design_source/Smash_Background.sv:17]
WARNING: [Synth 8-3848] Net mem in module/entity Smash_Background does not have driver. [C:/Users/Git_Smash/ECE385_Smash/Smash_Bros/Smash_Bros.srcs/sources_1/imports/design_source/Smash_Background.sv:17]
WARNING: [Synth 8-3848] Net mem in module/entity Smash_Background does not have driver. [C:/Users/Git_Smash/ECE385_Smash/Smash_Bros/Smash_Bros.srcs/sources_1/imports/design_source/Smash_Background.sv:17]
WARNING: [Synth 8-3848] Net mem in module/entity Smash_Background does not have driver. [C:/Users/Git_Smash/ECE385_Smash/Smash_Bros/Smash_Bros.srcs/sources_1/imports/design_source/Smash_Background.sv:17]
WARNING: [Synth 8-3848] Net mem in module/entity Smash_Background does not have driver. [C:/Users/Git_Smash/ECE385_Smash/Smash_Bros/Smash_Bros.srcs/sources_1/imports/design_source/Smash_Background.sv:17]
WARNING: [Synth 8-3848] Net mem in module/entity Smash_Background does not have driver. [C:/Users/Git_Smash/ECE385_Smash/Smash_Bros/Smash_Bros.srcs/sources_1/imports/design_source/Smash_Background.sv:17]
WARNING: [Synth 8-3848] Net mem in module/entity Smash_Background does not have driver. [C:/Users/Git_Smash/ECE385_Smash/Smash_Bros/Smash_Bros.srcs/sources_1/imports/design_source/Smash_Background.sv:17]
WARNING: [Synth 8-3848] Net mem in module/entity Smash_Background does not have driver. [C:/Users/Git_Smash/ECE385_Smash/Smash_Bros/Smash_Bros.srcs/sources_1/imports/design_source/Smash_Background.sv:17]
WARNING: [Synth 8-3848] Net mem in module/entity Smash_Background does not have driver. [C:/Users/Git_Smash/ECE385_Smash/Smash_Bros/Smash_Bros.srcs/sources_1/imports/design_source/Smash_Background.sv:17]
WARNING: [Synth 8-3848] Net mem in module/entity Smash_Background does not have driver. [C:/Users/Git_Smash/ECE385_Smash/Smash_Bros/Smash_Bros.srcs/sources_1/imports/design_source/Smash_Background.sv:17]
WARNING: [Synth 8-3848] Net mem in module/entity Smash_Background does not have driver. [C:/Users/Git_Smash/ECE385_Smash/Smash_Bros/Smash_Bros.srcs/sources_1/imports/design_source/Smash_Background.sv:17]
WARNING: [Synth 8-3848] Net mem in module/entity Smash_Background does not have driver. [C:/Users/Git_Smash/ECE385_Smash/Smash_Bros/Smash_Bros.srcs/sources_1/imports/design_source/Smash_Background.sv:17]
WARNING: [Synth 8-3848] Net mem in module/entity Smash_Background does not have driver. [C:/Users/Git_Smash/ECE385_Smash/Smash_Bros/Smash_Bros.srcs/sources_1/imports/design_source/Smash_Background.sv:17]
WARNING: [Synth 8-3848] Net mem in module/entity Smash_Background does not have driver. [C:/Users/Git_Smash/ECE385_Smash/Smash_Bros/Smash_Bros.srcs/sources_1/imports/design_source/Smash_Background.sv:17]
WARNING: [Synth 8-3848] Net mem in module/entity Smash_Background does not have driver. [C:/Users/Git_Smash/ECE385_Smash/Smash_Bros/Smash_Bros.srcs/sources_1/imports/design_source/Smash_Background.sv:17]
WARNING: [Synth 8-3848] Net mem in module/entity Smash_Background does not have driver. [C:/Users/Git_Smash/ECE385_Smash/Smash_Bros/Smash_Bros.srcs/sources_1/imports/design_source/Smash_Background.sv:17]
WARNING: [Synth 8-3848] Net mem in module/entity Smash_Background does not have driver. [C:/Users/Git_Smash/ECE385_Smash/Smash_Bros/Smash_Bros.srcs/sources_1/imports/design_source/Smash_Background.sv:17]
WARNING: [Synth 8-3848] Net mem in module/entity Smash_Background does not have driver. [C:/Users/Git_Smash/ECE385_Smash/Smash_Bros/Smash_Bros.srcs/sources_1/imports/design_source/Smash_Background.sv:17]
WARNING: [Synth 8-3848] Net mem in module/entity Smash_Background does not have driver. [C:/Users/Git_Smash/ECE385_Smash/Smash_Bros/Smash_Bros.srcs/sources_1/imports/design_source/Smash_Background.sv:17]
WARNING: [Synth 8-3848] Net mem in module/entity Smash_Background does not have driver. [C:/Users/Git_Smash/ECE385_Smash/Smash_Bros/Smash_Bros.srcs/sources_1/imports/design_source/Smash_Background.sv:17]
WARNING: [Synth 8-3848] Net mem in module/entity Smash_Background does not have driver. [C:/Users/Git_Smash/ECE385_Smash/Smash_Bros/Smash_Bros.srcs/sources_1/imports/design_source/Smash_Background.sv:17]
WARNING: [Synth 8-3848] Net mem in module/entity Smash_Background does not have driver. [C:/Users/Git_Smash/ECE385_Smash/Smash_Bros/Smash_Bros.srcs/sources_1/imports/design_source/Smash_Background.sv:17]
WARNING: [Synth 8-3848] Net mem in module/entity Smash_Background does not have driver. [C:/Users/Git_Smash/ECE385_Smash/Smash_Bros/Smash_Bros.srcs/sources_1/imports/design_source/Smash_Background.sv:17]
WARNING: [Synth 8-3848] Net mem in module/entity Smash_Background does not have driver. [C:/Users/Git_Smash/ECE385_Smash/Smash_Bros/Smash_Bros.srcs/sources_1/imports/design_source/Smash_Background.sv:17]
WARNING: [Synth 8-3848] Net mem in module/entity Smash_Background does not have driver. [C:/Users/Git_Smash/ECE385_Smash/Smash_Bros/Smash_Bros.srcs/sources_1/imports/design_source/Smash_Background.sv:17]
WARNING: [Synth 8-3848] Net mem in module/entity Smash_Background does not have driver. [C:/Users/Git_Smash/ECE385_Smash/Smash_Bros/Smash_Bros.srcs/sources_1/imports/design_source/Smash_Background.sv:17]
WARNING: [Synth 8-3848] Net mem in module/entity Smash_Background does not have driver. [C:/Users/Git_Smash/ECE385_Smash/Smash_Bros/Smash_Bros.srcs/sources_1/imports/design_source/Smash_Background.sv:17]
WARNING: [Synth 8-3848] Net mem in module/entity Smash_Background does not have driver. [C:/Users/Git_Smash/ECE385_Smash/Smash_Bros/Smash_Bros.srcs/sources_1/imports/design_source/Smash_Background.sv:17]
WARNING: [Synth 8-3848] Net mem in module/entity Smash_Background does not have driver. [C:/Users/Git_Smash/ECE385_Smash/Smash_Bros/Smash_Bros.srcs/sources_1/imports/design_source/Smash_Background.sv:17]
WARNING: [Synth 8-3848] Net mem in module/entity Smash_Background does not have driver. [C:/Users/Git_Smash/ECE385_Smash/Smash_Bros/Smash_Bros.srcs/sources_1/imports/design_source/Smash_Background.sv:17]
WARNING: [Synth 8-3848] Net mem in module/entity Smash_Background does not have driver. [C:/Users/Git_Smash/ECE385_Smash/Smash_Bros/Smash_Bros.srcs/sources_1/imports/design_source/Smash_Background.sv:17]
WARNING: [Synth 8-3848] Net mem in module/entity Smash_Background does not have driver. [C:/Users/Git_Smash/ECE385_Smash/Smash_Bros/Smash_Bros.srcs/sources_1/imports/design_source/Smash_Background.sv:17]
WARNING: [Synth 8-3848] Net mem in module/entity Smash_Background does not have driver. [C:/Users/Git_Smash/ECE385_Smash/Smash_Bros/Smash_Bros.srcs/sources_1/imports/design_source/Smash_Background.sv:17]
WARNING: [Synth 8-3848] Net mem in module/entity Smash_Background does not have driver. [C:/Users/Git_Smash/ECE385_Smash/Smash_Bros/Smash_Bros.srcs/sources_1/imports/design_source/Smash_Background.sv:17]
WARNING: [Synth 8-3848] Net mem in module/entity Smash_Background does not have driver. [C:/Users/Git_Smash/ECE385_Smash/Smash_Bros/Smash_Bros.srcs/sources_1/imports/design_source/Smash_Background.sv:17]
WARNING: [Synth 8-3848] Net mem in module/entity Smash_Background does not have driver. [C:/Users/Git_Smash/ECE385_Smash/Smash_Bros/Smash_Bros.srcs/sources_1/imports/design_source/Smash_Background.sv:17]
WARNING: [Synth 8-3848] Net mem in module/entity Smash_Background does not have driver. [C:/Users/Git_Smash/ECE385_Smash/Smash_Bros/Smash_Bros.srcs/sources_1/imports/design_source/Smash_Background.sv:17]
WARNING: [Synth 8-3848] Net mem in module/entity Smash_Background does not have driver. [C:/Users/Git_Smash/ECE385_Smash/Smash_Bros/Smash_Bros.srcs/sources_1/imports/design_source/Smash_Background.sv:17]
WARNING: [Synth 8-3848] Net mem in module/entity Smash_Background does not have driver. [C:/Users/Git_Smash/ECE385_Smash/Smash_Bros/Smash_Bros.srcs/sources_1/imports/design_source/Smash_Background.sv:17]
WARNING: [Synth 8-3848] Net mem in module/entity Smash_Background does not have driver. [C:/Users/Git_Smash/ECE385_Smash/Smash_Bros/Smash_Bros.srcs/sources_1/imports/design_source/Smash_Background.sv:17]
WARNING: [Synth 8-3848] Net mem in module/entity Smash_Background does not have driver. [C:/Users/Git_Smash/ECE385_Smash/Smash_Bros/Smash_Bros.srcs/sources_1/imports/design_source/Smash_Background.sv:17]
WARNING: [Synth 8-3848] Net mem in module/entity Smash_Background does not have driver. [C:/Users/Git_Smash/ECE385_Smash/Smash_Bros/Smash_Bros.srcs/sources_1/imports/design_source/Smash_Background.sv:17]
WARNING: [Synth 8-3848] Net mem in module/entity Smash_Background does not have driver. [C:/Users/Git_Smash/ECE385_Smash/Smash_Bros/Smash_Bros.srcs/sources_1/imports/design_source/Smash_Background.sv:17]
WARNING: [Synth 8-3848] Net mem in module/entity Smash_Background does not have driver. [C:/Users/Git_Smash/ECE385_Smash/Smash_Bros/Smash_Bros.srcs/sources_1/imports/design_source/Smash_Background.sv:17]
WARNING: [Synth 8-3848] Net mem in module/entity Smash_Background does not have driver. [C:/Users/Git_Smash/ECE385_Smash/Smash_Bros/Smash_Bros.srcs/sources_1/imports/design_source/Smash_Background.sv:17]
WARNING: [Synth 8-3848] Net mem in module/entity Smash_Background does not have driver. [C:/Users/Git_Smash/ECE385_Smash/Smash_Bros/Smash_Bros.srcs/sources_1/imports/design_source/Smash_Background.sv:17]
WARNING: [Synth 8-3848] Net mem in module/entity Smash_Background does not have driver. [C:/Users/Git_Smash/ECE385_Smash/Smash_Bros/Smash_Bros.srcs/sources_1/imports/design_source/Smash_Background.sv:17]
WARNING: [Synth 8-3848] Net mem in module/entity Smash_Background does not have driver. [C:/Users/Git_Smash/ECE385_Smash/Smash_Bros/Smash_Bros.srcs/sources_1/imports/design_source/Smash_Background.sv:17]
WARNING: [Synth 8-3848] Net mem in module/entity Smash_Background does not have driver. [C:/Users/Git_Smash/ECE385_Smash/Smash_Bros/Smash_Bros.srcs/sources_1/imports/design_source/Smash_Background.sv:17]
WARNING: [Synth 8-3848] Net mem in module/entity Smash_Background does not have driver. [C:/Users/Git_Smash/ECE385_Smash/Smash_Bros/Smash_Bros.srcs/sources_1/imports/design_source/Smash_Background.sv:17]
WARNING: [Synth 8-3848] Net mem in module/entity Smash_Background does not have driver. [C:/Users/Git_Smash/ECE385_Smash/Smash_Bros/Smash_Bros.srcs/sources_1/imports/design_source/Smash_Background.sv:17]
WARNING: [Synth 8-3848] Net mem in module/entity Smash_Background does not have driver. [C:/Users/Git_Smash/ECE385_Smash/Smash_Bros/Smash_Bros.srcs/sources_1/imports/design_source/Smash_Background.sv:17]
WARNING: [Synth 8-3848] Net mem in module/entity Smash_Background does not have driver. [C:/Users/Git_Smash/ECE385_Smash/Smash_Bros/Smash_Bros.srcs/sources_1/imports/design_source/Smash_Background.sv:17]
WARNING: [Synth 8-3848] Net mem in module/entity Smash_Background does not have driver. [C:/Users/Git_Smash/ECE385_Smash/Smash_Bros/Smash_Bros.srcs/sources_1/imports/design_source/Smash_Background.sv:17]
WARNING: [Synth 8-3848] Net mem in module/entity Smash_Background does not have driver. [C:/Users/Git_Smash/ECE385_Smash/Smash_Bros/Smash_Bros.srcs/sources_1/imports/design_source/Smash_Background.sv:17]
WARNING: [Synth 8-3848] Net mem in module/entity Smash_Background does not have driver. [C:/Users/Git_Smash/ECE385_Smash/Smash_Bros/Smash_Bros.srcs/sources_1/imports/design_source/Smash_Background.sv:17]
WARNING: [Synth 8-3848] Net mem in module/entity Smash_Background does not have driver. [C:/Users/Git_Smash/ECE385_Smash/Smash_Bros/Smash_Bros.srcs/sources_1/imports/design_source/Smash_Background.sv:17]
INFO: [Common 17-14] Message 'Synth 8-3848' appears 100 times and further instances of the messages will be disabled. Use the Tcl command set_msg_config to change the current settings.
